<?xml version="1.0" encoding="UTF-8"?>
<!-- Generated by org.testng.reporters.JUnitReportReporter -->
<testsuite hostname="DESKTOP-HC7IK1R" failures="0" tests="5" name="com.crm.vtiger.dataProvider.DataProviderDemoTest" time="0.123" errors="0" timestamp="2021-11-30T08:46:50 GMT" skipped="0">
  <testcase classname="com.crm.vtiger.dataProvider.DataProviderDemoTest" name="ticketBooking" time="0.032"/>
  <system-out/>
  <testcase classname="com.crm.vtiger.dataProvider.DataProviderDemoTest" name="ticketBooking" time="0.035"/>
  <system-out/>
  <testcase classname="com.crm.vtiger.dataProvider.DataProviderDemoTest" name="ticketBooking" time="0.011"/>
  <system-out/>
  <testcase classname="com.crm.vtiger.dataProvider.DataProviderDemoTest" name="ticketBooking" time="0.019"/>
  <system-out/>
  <testcase classname="com.crm.vtiger.dataProvider.DataProviderDemoTest" name="ticketBooking" time="0.026"/>
  <system-out/>
</testsuite> <!-- com.crm.vtiger.dataProvider.DataProviderDemoTest -->
